C:\materija\RA113-2013\Vezbe\Vezba 3\Debug\cl.command.1.tlog
C:\materija\RA113-2013\Vezbe\Vezba 3\Debug\CL.read.1.tlog
C:\materija\RA113-2013\Vezbe\Vezba 3\Debug\CL.write.1.tlog
C:\MATERIJA\RA113-2013\VEZBE\VEZBA 3\DEBUG\FFT_FILTER.EXE
C:\MATERIJA\RA113-2013\VEZBE\VEZBA 3\DEBUG\FFT_FILTER.EXE.EMBED.MANIFEST
C:\MATERIJA\RA113-2013\VEZBE\VEZBA 3\DEBUG\FFT_FILTER.EXE.EMBED.MANIFEST.RES
C:\MATERIJA\RA113-2013\VEZBE\VEZBA 3\DEBUG\FFT_FILTER.EXE.INTERMEDIATE.MANIFEST
C:\MATERIJA\RA113-2013\VEZBE\VEZBA 3\DEBUG\FFT_FILTER.ILK
C:\MATERIJA\RA113-2013\VEZBE\VEZBA 3\DEBUG\FFT_FILTER.OBJ
C:\MATERIJA\RA113-2013\VEZBE\VEZBA 3\DEBUG\FFT_FILTER.PDB
C:\materija\RA113-2013\Vezbe\Vezba 3\Debug\fft_filter_manifest.rc
C:\materija\RA113-2013\Vezbe\Vezba 3\Debug\link.7032.read.1.tlog
C:\materija\RA113-2013\Vezbe\Vezba 3\Debug\link.7032.write.1.tlog
C:\materija\RA113-2013\Vezbe\Vezba 3\Debug\link.7032-cvtres.read.1.tlog
C:\materija\RA113-2013\Vezbe\Vezba 3\Debug\link.7032-cvtres.write.1.tlog
C:\materija\RA113-2013\Vezbe\Vezba 3\Debug\link.command.1.tlog
C:\materija\RA113-2013\Vezbe\Vezba 3\Debug\link.read.1.tlog
C:\materija\RA113-2013\Vezbe\Vezba 3\Debug\link.write.1.tlog
C:\materija\RA113-2013\Vezbe\Vezba 3\Debug\link-cvtres.read.1.tlog
C:\materija\RA113-2013\Vezbe\Vezba 3\Debug\link-cvtres.write.1.tlog
C:\materija\RA113-2013\Vezbe\Vezba 3\Debug\mt.command.1.tlog
C:\materija\RA113-2013\Vezbe\Vezba 3\Debug\mt.read.1.tlog
C:\materija\RA113-2013\Vezbe\Vezba 3\Debug\mt.write.1.tlog
C:\MATERIJA\RA113-2013\VEZBE\VEZBA 3\DEBUG\OBRADA.OBJ
C:\materija\RA113-2013\Vezbe\Vezba 3\Debug\rc.command.1.tlog
C:\materija\RA113-2013\Vezbe\Vezba 3\Debug\rc.read.1.tlog
C:\materija\RA113-2013\Vezbe\Vezba 3\Debug\rc.write.1.tlog
C:\MATERIJA\RA113-2013\VEZBE\VEZBA 3\DEBUG\SR_FFT.OBJ
C:\materija\RA113-2013\Vezbe\Vezba 3\Debug\vc100.idb
C:\MATERIJA\RA113-2013\VEZBE\VEZBA 3\DEBUG\VC100.PDB
