Build started 19.4.2016 10:37:38.
     1>Project "C:\materija\RA113-2013\Vezbe\Vezba 3\fft_filter.vcxproj" on node 2 (build target(s)).
     1>InitializeBuildStatus:
         Creating "Debug\fft_filter.unsuccessfulbuild" because "AlwaysCreate" was specified.
       ClCompile:
         c:\Program Files (x86)\Microsoft Visual Studio 10.0\VC\bin\CL.exe /c /ZI /nologo /W3 /WX- /Od /Oy- /D WIN32 /D _DEBUG /D _CONSOLE /D _UNICODE /D UNICODE /Gm /EHsc /RTC1 /MDd /GS /fp:precise /Zc:wchar_t /Zc:forScope /Fo"Debug\\" /Fd"Debug\vc100.pdb" /Gd /TP /analyze- /errorReport:prompt obrada.cpp
         obrada.cpp
       ManifestResourceCompile:
         All outputs are up-to-date.
       Link:
         c:\Program Files (x86)\Microsoft Visual Studio 10.0\VC\bin\link.exe /ERRORREPORT:PROMPT /OUT:"C:\materija\RA113-2013\Vezbe\Vezba 3\Debug\fft_filter.exe" /INCREMENTAL /NOLOGO kernel32.lib user32.lib gdi32.lib winspool.lib comdlg32.lib advapi32.lib shell32.lib ole32.lib oleaut32.lib uuid.lib odbc32.lib odbccp32.lib /MANIFEST /ManifestFile:"Debug\fft_filter.exe.intermediate.manifest" /MANIFESTUAC:"level='asInvoker' uiAccess='false'" /DEBUG /PDB:"C:\materija\RA113-2013\Vezbe\Vezba 3\Debug\fft_filter.pdb" /SUBSYSTEM:CONSOLE /TLBID:1 /DYNAMICBASE /NXCOMPAT /IMPLIB:"C:\materija\RA113-2013\Vezbe\Vezba 3\Debug\fft_filter.lib" /MACHINE:X86 Debug\fft_filter.exe.embed.manifest.res
         Debug\fft_filter.obj
         Debug\obrada.obj
         Debug\sr_fft.obj
       Manifest:
         c:\Program Files (x86)\Microsoft SDKs\Windows\v7.0A\bin\mt.exe /nologo /verbose /out:"Debug\fft_filter.exe.embed.manifest" /manifest Debug\fft_filter.exe.intermediate.manifest
         All outputs are up-to-date.
       LinkEmbedManifest:
         All outputs are up-to-date.
         fft_filter.vcxproj -> C:\materija\RA113-2013\Vezbe\Vezba 3\Debug\fft_filter.exe
       FinalizeBuildStatus:
         Deleting file "Debug\fft_filter.unsuccessfulbuild".
         Touching "Debug\fft_filter.lastbuildstate".
     1>Done Building Project "C:\materija\RA113-2013\Vezbe\Vezba 3\fft_filter.vcxproj" (build target(s)).

Build succeeded.

Time Elapsed 00:00:00.40
